#-----------------------------------------------------------
# Vivado v2018.3 (64-bit)
# SW Build 2405991 on Thu Dec  6 23:38:27 MST 2018
# IP Build 2404404 on Fri Dec  7 01:43:56 MST 2018
# Start of session at: Fri Jul  1 09:08:07 2022
# Process ID: 15656
# Current directory: F:/file/exp/cpu/single_cycle_cpu_download_example
# Command line: vivado.exe -gui_launcher_event rodinguilauncherevent24572 F:\file\exp\cpu\single_cycle_cpu_download_example\single_cycle_cpu.xpr
# Log file: F:/file/exp/cpu/single_cycle_cpu_download_example/vivado.log
# Journal file: F:/file/exp/cpu/single_cycle_cpu_download_example\vivado.jou
#-----------------------------------------------------------
start_gui
open_project F:/file/exp/cpu/single_cycle_cpu_download_example/single_cycle_cpu.xpr
INFO: [Project 1-313] Project file moved from 'F:/file/exp/cpu/single_cycle_cpu' since last save.
Scanning sources...
Finished scanning sources
INFO: [IP_Flow 19-234] Refreshing IP repositories
INFO: [IP_Flow 19-1704] No user IP repositories specified
INFO: [IP_Flow 19-2313] Loaded Vivado IP repository 'D:/vivado_/Vivado/2018.3/data/ip'.
open_project: Time (s): cpu = 00:00:05 ; elapsed = 00:00:07 . Memory (MB): peak = 831.094 ; gain = 159.195
update_compile_order -fileset sources_1
exit
INFO: [Common 17-206] Exiting Vivado at Fri Jul  1 09:09:11 2022...
