#-----------------------------------------------------------
# Vivado v2018.3 (64-bit)
# SW Build 2405991 on Thu Dec  6 23:38:27 MST 2018
# IP Build 2404404 on Fri Dec  7 01:43:56 MST 2018
# Start of session at: Fri Jul  1 08:52:07 2022
# Process ID: 6884
# Current directory: F:/file/exp/cpu/single_cycle_cpu_download
# Command line: vivado.exe -gui_launcher_event rodinguilauncherevent2748 F:\file\exp\cpu\single_cycle_cpu_download\single_cycle_cpu.xpr
# Log file: F:/file/exp/cpu/single_cycle_cpu_download/vivado.log
# Journal file: F:/file/exp/cpu/single_cycle_cpu_download\vivado.jou
#-----------------------------------------------------------
start_gui
open_project F:/file/exp/cpu/single_cycle_cpu_download/single_cycle_cpu.xpr
Scanning sources...
Finished scanning sources
INFO: [IP_Flow 19-234] Refreshing IP repositories
INFO: [IP_Flow 19-1704] No user IP repositories specified
INFO: [IP_Flow 19-2313] Loaded Vivado IP repository 'D:/vivado_/Vivado/2018.3/data/ip'.
open_project: Time (s): cpu = 00:00:05 ; elapsed = 00:00:07 . Memory (MB): peak = 832.648 ; gain = 173.090
update_compile_order -fileset sources_1
export_ip_user_files -of_objects  [get_files F:/file/exp/cpu/single_cycle_cpu_download/inst_ram.coe] -no_script -reset -force -quiet
remove_files  F:/file/exp/cpu/single_cycle_cpu_download/inst_ram.coe
reset_run synth_1
launch_runs impl_1 -to_step write_bitstream -jobs 8
[Fri Jul  1 08:56:21 2022] Launched synth_1...
Run output will be captured here: F:/file/exp/cpu/single_cycle_cpu_download/single_cycle_cpu.runs/synth_1/runme.log
[Fri Jul  1 08:56:21 2022] Launched impl_1...
Run output will be captured here: F:/file/exp/cpu/single_cycle_cpu_download/single_cycle_cpu.runs/impl_1/runme.log
reset_run synth_1
launch_runs impl_1 -to_step write_bitstream -jobs 8
[Fri Jul  1 09:00:22 2022] Launched synth_1...
Run output will be captured here: F:/file/exp/cpu/single_cycle_cpu_download/single_cycle_cpu.runs/synth_1/runme.log
[Fri Jul  1 09:00:22 2022] Launched impl_1...
Run output will be captured here: F:/file/exp/cpu/single_cycle_cpu_download/single_cycle_cpu.runs/impl_1/runme.log
exit
INFO: [Common 17-206] Exiting Vivado at Fri Jul  1 09:07:48 2022...
